<?xml version="1.0" encoding="UTF-8"?>
<testsuite name="SockMerchantTest" tests="1" skipped="0" failures="0" errors="0" timestamp="2020-04-15T00:04:30" hostname="Henriques-MacBook-Pro.local" time="0.001">
  <properties/>
  <testcase name="testMainScenario" classname="SockMerchantTest" time="0.001"/>
  <system-out><![CDATA[]]></system-out>
  <system-err><![CDATA[]]></system-err>
</testsuite>
